<?xml version="1.0" encoding="UTF-8"?>
<!-- Generated by org.testng.reporters.JUnitXMLReporter -->
<testsuite hostname="USABOS1003206L" ignored="0" name="Test" tests="1" failures="0" timestamp="12 Nov 2018 22:44:38 GMT" time="0.166" errors="0">
  <testcase name="@BeforeClass setUpClass" time="0.0" classname="com.qa.runner.TestRunner">
    <failure type="cucumber.runtime.CucumberException" message="Failed to instantiate public cucumber.runtime.java.JavaBackend(cucumber.runtime.io.ResourceLoader) with [cucumber.runtime.io.MultiLoader@7bb58ca3]">
      <![CDATA[cucumber.runtime.CucumberException: Failed to instantiate public cucumber.runtime.java.JavaBackend(cucumber.runtime.io.ResourceLoader) with [cucumber.runtime.io.MultiLoader@7bb58ca3]
	at cucumber.runtime.Reflections.newInstance(Reflections.java:44)
	at cucumber.runtime.Reflections.instantiateSubclasses(Reflections.java:30)
	at cucumber.runtime.Runtime.loadBackends(Runtime.java:87)
	at cucumber.runtime.Runtime.<init>(Runtime.java:41)
	at cucumber.api.testng.TestNGCucumberRunner.<init>(TestNGCucumberRunner.java:50)
	at com.qa.runner.TestRunner.setUpClass(TestRunner.java:28)
	at cucumber.runtime.Reflections.newInstance(Reflections.java:41)
	... 30 more
Caused by: java.lang.NoSuchMethodError: cucumber.runtime.io.ClasspathResourceLoader.getAnnotations(Ljava/lang/String;)Ljava/util/Collection;
	at cucumber.runtime.java.ClasspathMethodScanner.findCucumberAnnotationClasses(ClasspathMethodScanner.java:75)
	at cucumber.runtime.java.ClasspathMethodScanner.<init>(ClasspathMethodScanner.java:23)
	at cucumber.runtime.java.JavaBackend.<init>(JavaBackend.java:30)
	... 35 more
... Removed 30 stack frames]]>
    </failure>
  </testcase> <!-- @BeforeClass setUpClass -->
  <testcase name="@AfterClass tearDownClass" time="0.0" classname="com.qa.runner.TestRunner">
    <failure type="java.lang.NullPointerException">
      <![CDATA[java.lang.NullPointerException
	at com.qa.runner.TestRunner.tearDownClass(TestRunner.java:47)
... Removed 25 stack frames]]>
    </failure>
  </testcase> <!-- @AfterClass tearDownClass -->
  <testcase name="feature" time="0.0" classname="com.qa.runner.TestRunner">
    <skipped/>
  </testcase> <!-- feature -->
</testsuite> <!-- Test -->
